2026-02-21 11:59:18,869 - DEBUG - Регистрация паттернов
2026-02-21 11:59:18,872 - INFO - Бот инициализирован
2026-02-21 11:59:18,872 - INFO - Новая сессия начата в 2026-02-21 11:59:18.872226
2026-02-21 11:59:44,534 - WARNING - Сессия прервана пользователем (Ctrl+C)
2026-02-21 11:59:46,315 - DEBUG - Регистрация паттернов
2026-02-21 11:59:46,347 - INFO - Бот инициализирован
2026-02-21 11:59:46,349 - INFO - Новая сессия начата в 2026-02-21 11:59:46.347977
2026-02-21 11:59:52,613 - INFO - Входящее сообщение: привет
2026-02-21 11:59:52,614 - INFO - Пользователь: Неизвестный - приветствие - Текст: привет
2026-02-21 11:59:52,614 - DEBUG - Ответ на приветствие: привет! как тебя зовут?
2026-02-21 11:59:52,614 - INFO - Исходящий ответ: привет! как тебя зовут?
2026-02-21 11:59:59,104 - INFO - Входящее сообщение: привет
2026-02-21 11:59:59,104 - INFO - Пользователь: Неизвестный - приветствие - Текст: привет
2026-02-21 11:59:59,104 - DEBUG - Ответ на приветствие: привет! как тебя зовут?
2026-02-21 11:59:59,104 - INFO - Исходящий ответ: привет! как тебя зовут?
2026-02-21 12:00:02,197 - INFO - Входящее сообщение: привет
2026-02-21 12:00:02,197 - INFO - Пользователь: Неизвестный - приветствие - Текст: привет
2026-02-21 12:00:02,197 - DEBUG - Ответ на приветствие: привет! как тебя зовут?
2026-02-21 12:00:02,197 - INFO - Исходящий ответ: привет! как тебя зовут?
2026-02-21 12:00:08,224 - INFO - Входящее сообщение: как дела
2026-02-21 12:00:08,224 - INFO - Пользователь: Неизвестный - вопрос о делах - 
2026-02-21 12:00:08,224 - INFO - Исходящий ответ: с кайфом
2026-02-21 12:00:11,754 - INFO - Входящее сообщение: сколько время
2026-02-21 12:00:11,755 - INFO - Пользователь: Неизвестный - запрос времени - Отправлено время: 12:00
2026-02-21 12:00:11,755 - INFO - Исходящий ответ: щас 12:00
2026-02-21 12:00:15,088 - INFO - Входящее сообщение: ты кто
2026-02-21 12:00:15,088 - INFO - Ответ по умолчанию: говори проще
2026-02-21 12:00:15,088 - INFO - Пользователь: Неизвестный - непонятное сообщение - ты кто
2026-02-21 12:00:17,475 - INFO - Входящее сообщение: кто ты
2026-02-21 12:00:17,475 - INFO - Пользователь: Неизвестный - вопрос о личности бота - 
2026-02-21 12:00:17,475 - INFO - Исходящий ответ: я боб
2026-02-21 12:00:30,712 - INFO - Входящее сообщение: 2 + 3
2026-02-21 12:00:30,712 - INFO - Пользователь: Неизвестный - вычисление - 2.0 + 3.0
2026-02-21 12:00:30,712 - INFO - Результат вычисления: = 5
2026-02-21 12:00:34,111 - INFO - Входящее сообщение: 34*346
2026-02-21 12:00:34,111 - INFO - Пользователь: Неизвестный - вычисление - 34.0 * 346.0
2026-02-21 12:00:34,111 - INFO - Результат вычисления: = 11764
2026-02-21 12:00:42,774 - INFO - Входящее сообщение: погода
2026-02-21 12:00:42,774 - INFO - Пользователь: Неизвестный - запрос погоды - 
2026-02-21 12:00:42,774 - INFO - Исходящий ответ: седня не
2026-02-21 12:01:01,451 - INFO - Входящее сообщение: покеда
2026-02-21 12:01:01,451 - INFO - Пользователь: Неизвестный - прощание - Текст: покеда
2026-02-21 12:01:01,451 - INFO - Сессия завершена для неизвестного пользователя
2026-02-21 12:01:01,451 - INFO - Исходящий ответ: покеда!
2026-02-21 12:01:01,451 - INFO - Сессия завершена. Длительность: 0:01:15.103860
2026-02-21 12:03:33,258 - DEBUG - Регистрация паттернов
2026-02-21 12:03:33,261 - INFO - Бот инициализирован
2026-02-21 12:03:33,261 - INFO - Новая сессия начата в 2026-02-21 12:03:33.261012
2026-02-21 12:03:35,100 - INFO - Входящее сообщение: привет
2026-02-21 12:03:35,100 - INFO - Пользователь: Неизвестный - приветствие - Текст: привет
2026-02-21 12:03:35,100 - DEBUG - Ответ на приветствие: привет! как тебя зовут?
2026-02-21 12:03:35,100 - INFO - Исходящий ответ: привет! как тебя зовут?
2026-02-21 12:03:37,259 - INFO - Входящее сообщение: как дела
2026-02-21 12:03:37,259 - INFO - Пользователь: Неизвестный - вопрос о делах - 
2026-02-21 12:03:37,259 - INFO - Исходящий ответ: с кайфом
2026-02-21 12:03:40,774 - INFO - Входящее сообщение: сколько времени
2026-02-21 12:03:40,775 - INFO - Пользователь: Неизвестный - запрос времени - Отправлено время: 12:03
2026-02-21 12:03:40,775 - INFO - Исходящий ответ: щас 12:03
2026-02-21 12:03:42,859 - INFO - Входящее сообщение: спасибо
2026-02-21 12:03:42,859 - INFO - Пользователь: Неизвестный - благодарность - 
2026-02-21 12:03:42,859 - INFO - Исходящий ответ: пожалуйста!
2026-02-21 12:03:46,323 - INFO - Входящее сообщение: красава
2026-02-21 12:03:46,324 - INFO - Пользователь: Неизвестный - комплимент - 
2026-02-21 12:03:46,324 - INFO - Исходящий ответ: приятно слышать!
2026-02-21 12:03:48,594 - INFO - Входящее сообщение: кто ты
2026-02-21 12:03:48,594 - INFO - Пользователь: Неизвестный - вопрос о личности бота - 
2026-02-21 12:03:48,595 - INFO - Исходящий ответ: я боб
2026-02-21 12:03:54,526 - INFO - Входящее сообщение: 2 / 3
2026-02-21 12:03:54,526 - INFO - Пользователь: Неизвестный - вычисление - 2.0 / 3.0
2026-02-21 12:03:54,526 - INFO - Результат вычисления: = 0.67
2026-02-21 12:03:57,556 - INFO - Входящее сообщение: 7 * 33
2026-02-21 12:03:57,556 - INFO - Пользователь: Неизвестный - вычисление - 7.0 * 33.0
2026-02-21 12:03:57,556 - INFO - Результат вычисления: = 231
2026-02-21 12:04:02,557 - INFO - Входящее сообщение: покеда
2026-02-21 12:04:02,557 - INFO - Пользователь: Неизвестный - прощание - Текст: покеда
2026-02-21 12:04:02,557 - INFO - Сессия завершена для неизвестного пользователя
2026-02-21 12:04:02,557 - INFO - Исходящий ответ: всего доброго!
2026-02-21 12:04:02,557 - INFO - Сессия завершена. Длительность: 0:00:29.296915
2026-02-21 12:05:06,488 - DEBUG - Регистрация паттернов
2026-02-21 12:05:06,490 - INFO - Бот инициализирован
2026-02-21 12:05:06,490 - INFO - Новая сессия начата в 2026-02-21 12:05:06.490324
2026-02-21 12:05:09,737 - INFO - Входящее сообщение: привет
2026-02-21 12:05:09,737 - INFO - Пользователь: Неизвестный - приветствие - Текст: привет
2026-02-21 12:05:09,738 - DEBUG - Ответ на приветствие: привет! как тебя зовут?
2026-02-21 12:05:09,738 - INFO - Исходящий ответ: привет! как тебя зовут?
2026-02-21 12:05:14,234 - INFO - Входящее сообщение: я димсн
2026-02-21 12:05:14,234 - INFO - Пользователь: димсн - представился - Был: None, Стал: димсн
2026-02-21 12:05:14,234 - INFO - Исходящий ответ: приятно познакомиться, димсн! если нужен калькулятор - просто напиши пример
2026-02-21 12:05:26,170 - WARNING - Сессия прервана пользователем (Ctrl+C)
2026-02-21 12:05:28,611 - DEBUG - Регистрация паттернов
2026-02-21 12:05:28,613 - INFO - Бот инициализирован
2026-02-21 12:05:28,613 - INFO - Новая сессия начата в 2026-02-21 12:05:28.613602
2026-02-21 12:05:33,000 - INFO - Входящее сообщение: кто ты
2026-02-21 12:05:33,000 - INFO - Пользователь: Неизвестный - вопрос о личности бота - 
2026-02-21 12:05:33,001 - INFO - Исходящий ответ: я боб
2026-02-21 12:05:34,500 - INFO - Входящее сообщение: привет
2026-02-21 12:05:34,501 - INFO - Пользователь: Неизвестный - приветствие - Текст: привет
2026-02-21 12:05:34,501 - DEBUG - Ответ на приветствие: привет! как тебя зовут?
2026-02-21 12:05:34,501 - INFO - Исходящий ответ: привет! как тебя зовут?
2026-02-21 12:05:39,340 - INFO - Входящее сообщение: я димсн
2026-02-21 12:05:39,340 - INFO - Пользователь: димсн - представился - Был: None, Стал: димсн
2026-02-21 12:05:39,340 - INFO - Исходящий ответ: приятно познакомиться, димсн!
2026-02-21 12:05:44,491 - INFO - Входящее сообщение: привет
2026-02-21 12:05:44,491 - INFO - Пользователь: димсн - приветствие - Текст: привет
2026-02-21 12:05:44,491 - DEBUG - Ответ на приветствие: здарова, димсн!
2026-02-21 12:05:44,491 - INFO - Исходящий ответ: здарова, димсн!
2026-02-21 12:05:50,421 - INFO - Входящее сообщение: 2 * 3
2026-02-21 12:05:50,421 - INFO - Пользователь: димсн - вычисление - 2.0 * 3.0
2026-02-21 12:05:50,421 - INFO - Результат вычисления: = 6
2026-02-21 12:05:53,125 - INFO - Входящее сообщение: 2/3
2026-02-21 12:05:53,125 - INFO - Пользователь: димсн - вычисление - 2.0 / 3.0
2026-02-21 12:05:53,125 - INFO - Результат вычисления: = 0.67
2026-02-21 12:05:57,833 - INFO - Входящее сообщение: погода
2026-02-21 12:05:57,833 - INFO - Пользователь: димсн - запрос погоды - 
2026-02-21 12:05:57,833 - INFO - Исходящий ответ: седня не
2026-02-21 12:09:56,700 - WARNING - Сессия прервана пользователем (Ctrl+C)
2026-02-21 12:09:58,813 - DEBUG - Регистрация паттернов
2026-02-21 12:09:58,815 - INFO - Бот инициализирован
2026-02-21 12:09:58,815 - INFO - Новая сессия начата в 2026-02-21 12:09:58.815969
2026-02-21 12:10:00,945 - INFO - Входящее сообщение: привет
2026-02-21 12:10:00,945 - INFO - Пользователь: Неизвестный - приветствие - Текст: привет
2026-02-21 12:10:00,945 - DEBUG - Ответ на приветствие: привет! как тебя зовут?
2026-02-21 12:10:00,945 - INFO - Исходящий ответ: привет! как тебя зовут?
2026-02-21 12:10:03,412 - INFO - Входящее сообщение: как дела
2026-02-21 12:10:03,412 - INFO - Пользователь: Неизвестный - вопрос о делах - 
2026-02-21 12:10:03,413 - INFO - Исходящий ответ: отлично, а у тебя?
2026-02-21 12:10:06,242 - INFO - Входящее сообщение: сколько времени
2026-02-21 12:10:06,243 - INFO - Пользователь: Неизвестный - запрос времени - Отправлено время: 12:10
2026-02-21 12:10:06,243 - INFO - Исходящий ответ: щас 12:10
2026-02-21 12:10:09,611 - INFO - Входящее сообщение: 2 * 3
2026-02-21 12:10:09,611 - INFO - Пользователь: Неизвестный - вычисление - 2.0 * 3.0
2026-02-21 12:10:09,611 - INFO - Результат вычисления: = 6
2026-02-21 12:10:12,863 - INFO - Входящее сообщение: 2/3
2026-02-21 12:10:12,863 - INFO - Пользователь: Неизвестный - вычисление - 2.0 / 3.0
2026-02-21 12:10:12,863 - INFO - Результат вычисления: = 0.67
2026-02-21 12:10:20,420 - INFO - Входящее сообщение: погода
2026-02-21 12:10:20,420 - INFO - Пользователь: Неизвестный - запрос погоды - 
2026-02-21 12:10:20,421 - INFO - Исходящий ответ: седня не
2026-02-21 12:10:26,322 - INFO - Входящее сообщение: покеда
2026-02-21 12:10:26,323 - INFO - Пользователь: Неизвестный - прощание - Текст: покеда
2026-02-21 12:10:26,323 - INFO - Сессия завершена для неизвестного пользователя
2026-02-21 12:10:26,323 - INFO - Исходящий ответ: поки!
2026-02-21 12:10:26,323 - INFO - Сессия завершена. Длительность: 0:00:27.507104
